<?xml version="1.0" encoding="UTF-8"?>
<testng-results skipped="0" failed="0" ignored="0" total="1" passed="1">
  <reporter-output>
  </reporter-output>
  <suite name="Default suite" duration-ms="37886" started-at="2020-05-15T23:05:36 IST" finished-at="2020-05-15T23:06:14 IST">
    <groups>
    </groups>
    <test name="Default test" duration-ms="37886" started-at="2020-05-15T23:05:36 IST" finished-at="2020-05-15T23:06:14 IST">
      <class name="com.crossover.e2e.GMailTest">
        <test-method status="PASS" signature="setUp()[pri:0, instance:com.crossover.e2e.GMailTest@a7e666]" name="setUp" is-config="true" duration-ms="7104" started-at="2020-05-15T23:05:36 IST" finished-at="2020-05-15T23:05:43 IST">
          <reporter-output>
          </reporter-output>
        </test-method> <!-- setUp -->
        <test-method status="PASS" signature="testSendEmail()[pri:0, instance:com.crossover.e2e.GMailTest@a7e666]" name="testSendEmail" duration-ms="28467" started-at="2020-05-15T23:05:43 IST" finished-at="2020-05-15T23:06:11 IST">
          <reporter-output>
          </reporter-output>
        </test-method> <!-- testSendEmail -->
        <test-method status="PASS" signature="tearDown()[pri:0, instance:com.crossover.e2e.GMailTest@a7e666]" name="tearDown" is-config="true" duration-ms="2248" started-at="2020-05-15T23:06:11 IST" finished-at="2020-05-15T23:06:14 IST">
          <reporter-output>
          </reporter-output>
        </test-method> <!-- tearDown -->
      </class> <!-- com.crossover.e2e.GMailTest -->
    </test> <!-- Default test -->
  </suite> <!-- Default suite -->
</testng-results>
